<?xml version="1.0" encoding="UTF-8"?>
<testng-results skipped="0" failed="0" ignored="0" total="1" passed="1">
  <reporter-output>
  </reporter-output>
  <suite name="SuitCI3" duration-ms="11016" started-at="2019-12-31T01:30:25Z" finished-at="2019-12-31T01:30:36Z">
    <groups>
    </groups>
    <test name="testCI31" duration-ms="11016" started-at="2019-12-31T01:30:25Z" finished-at="2019-12-31T01:30:36Z">
      <class name="PkgCI3.ClsCI31">
        <test-method status="PASS" signature="beforeClass()[pri:0, instance:PkgCI3.ClsCI31@cc285f4]" name="beforeClass" is-config="true" duration-ms="5770" started-at="2019-12-31T01:30:25Z" finished-at="2019-12-31T01:30:30Z">
          <reporter-output>
          </reporter-output>
        </test-method> <!-- beforeClass -->
        <test-method status="PASS" signature="f()[pri:0, instance:PkgCI3.ClsCI31@cc285f4]" name="f" duration-ms="4538" started-at="2019-12-31T01:30:30Z" finished-at="2019-12-31T01:30:35Z">
          <reporter-output>
          </reporter-output>
        </test-method> <!-- f -->
        <test-method status="PASS" signature="afterClass()[pri:0, instance:PkgCI3.ClsCI31@cc285f4]" name="afterClass" is-config="true" duration-ms="690" started-at="2019-12-31T01:30:35Z" finished-at="2019-12-31T01:30:36Z">
          <reporter-output>
          </reporter-output>
        </test-method> <!-- afterClass -->
      </class> <!-- PkgCI3.ClsCI31 -->
    </test> <!-- testCI31 -->
  </suite> <!-- SuitCI3 -->
</testng-results>
